<?xml version="1.0" encoding="UTF-8"?>
<!-- Generated by org.testng.reporters.JUnitReportReporter -->
<testsuite hostname="DESKTOP-9PJDR45" failures="0" tests="2" name="test.day1" time="0.012" errors="0" timestamp="2021-07-24T05:10:35 IST" skipped="0">
  <testcase classname="test.day1" name="SecondTest" time="0.004"/>
  <system-out/>
  <testcase classname="test.day1" name="Demo" time="0.008"/>
  <system-out/>
</testsuite> <!-- test.day1 -->
