<?xml version="1.0" encoding="UTF-8"?>
<!-- Generated by org.testng.reporters.JUnitReportReporter -->
<testsuite hostname="DESKTOP-9PJDR45" failures="0" tests="6" name="test.day3" time="0.015" errors="0" timestamp="2021-07-24T05:10:35 IST" skipped="0">
  <testcase classname="test.day3" name="WebLogin" time="0.002"/>
  <system-out/>
  <testcase classname="test.day3" name="MobileLogin" time="0.002"/>
  <system-out/>
  <testcase classname="test.day3" name="MobileSignOut" time="0.002"/>
  <system-out/>
  <testcase classname="test.day3" name="MobileSignOut" time="0.003"/>
  <system-out/>
  <testcase classname="test.day3" name="MobileSignOut" time="0.003"/>
  <system-out/>
  <testcase classname="test.day3" name="LoginApi" time="0.003"/>
  <system-out/>
</testsuite> <!-- test.day3 -->
