<?xml version="1.0" encoding="UTF-8"?>
<!-- Generated by org.testng.reporters.JUnitReportReporter -->
<testsuite hostname="DESKTOP-9PJDR45" failures="0" tests="3" name="test.day4" time="0.020" errors="0" timestamp="2021-07-24T05:10:35 IST" skipped="0">
  <testcase classname="test.day4" name="MobileLoginHomeLoan" time="0.013"/>
  <system-out/>
  <testcase classname="test.day4" name="WebLoginHomeLoan" time="0.002"/>
  <system-out/>
  <testcase classname="test.day4" name="LoginApiHomeLoan" time="0.005"/>
  <system-out/>
</testsuite> <!-- test.day4 -->
